<<<<<<< HEAD
[1129/022953.277:ERROR:process_reader_win.cc(123)] NtOpenThread: {Access Denied} A process has requested access to an object, but has not been granted those access rights. (0xc0000022)
[1129/022953.268:ERROR:process_reader_win.cc(123)] NtOpenThread: {Access Denied} A process has requested access to an object, but has not been granted those access rights. (0xc0000022)
[1129/022953.293:ERROR:exception_snapshot_win.cc(99)] thread ID 8560 not found in process
[1129/022953.293:ERROR:exception_snapshot_win.cc(99)] thread ID 4000 not found in process
=======
[1129/021302.244:ERROR:process_reader_win.cc(123)] NtOpenThread: {Access Denied} A process has requested access to an object, but has not been granted those access rights. (0xc0000022)
[1129/021302.262:ERROR:exception_snapshot_win.cc(98)] thread ID 11152 not found in process
[1129/021404.665:ERROR:process_reader_win.cc(123)] NtOpenThread: {Access Denied} A process has requested access to an object, but has not been granted those access rights. (0xc0000022)
[1129/021404.666:ERROR:exception_snapshot_win.cc(98)] thread ID 15480 not found in process
[1129/021501.524:ERROR:process_reader_win.cc(123)] NtOpenThread: {Access Denied} A process has requested access to an object, but has not been granted those access rights. (0xc0000022)
[1129/021501.526:ERROR:exception_snapshot_win.cc(98)] thread ID 12032 not found in process
[1129/021840.508:ERROR:process_reader_win.cc(123)] NtOpenThread: {Access Denied} A process has requested access to an object, but has not been granted those access rights. (0xc0000022)
[1129/021840.509:ERROR:exception_snapshot_win.cc(98)] thread ID 8552 not found in process
[1129/022234.481:ERROR:process_reader_win.cc(123)] NtOpenThread: {Access Denied} A process has requested access to an object, but has not been granted those access rights. (0xc0000022)
[1129/022234.484:ERROR:exception_snapshot_win.cc(98)] thread ID 2288 not found in process
[1129/022608.551:ERROR:process_reader_win.cc(123)] NtOpenThread: {Access Denied} A process has requested access to an object, but has not been granted those access rights. (0xc0000022)
[1129/022608.551:ERROR:exception_snapshot_win.cc(98)] thread ID 16224 not found in process
[1129/022732.401:ERROR:process_reader_win.cc(123)] NtOpenThread: {Access Denied} A process has requested access to an object, but has not been granted those access rights. (0xc0000022)
[1129/022732.402:ERROR:exception_snapshot_win.cc(98)] thread ID 15824 not found in process
[1129/022911.448:ERROR:process_reader_win.cc(123)] NtOpenThread: {Access Denied} A process has requested access to an object, but has not been granted those access rights. (0xc0000022)
[1129/022911.449:ERROR:exception_snapshot_win.cc(98)] thread ID 3436 not found in process
[1129/023017.986:ERROR:process_reader_win.cc(151)] SuspendThread: Access is denied. (0x5)
[1129/023017.986:ERROR:process_reader_win.cc(151)] SuspendThread: Access is denied. (0x5)
[1129/023017.986:ERROR:process_reader_win.cc(123)] NtOpenThread: {Access Denied} A process has requested access to an object, but has not been granted those access rights. (0xc0000022)
[1129/023017.986:ERROR:exception_snapshot_win.cc(98)] thread ID 16076 not found in process
[1129/023536.605:ERROR:process_reader_win.cc(123)] NtOpenThread: {Access Denied} A process has requested access to an object, but has not been granted those access rights. (0xc0000022)
[1129/023536.606:ERROR:exception_snapshot_win.cc(98)] thread ID 2684 not found in process
[1129/023651.966:ERROR:process_reader_win.cc(123)] NtOpenThread: {Access Denied} A process has requested access to an object, but has not been granted those access rights. (0xc0000022)
[1129/023651.967:ERROR:exception_snapshot_win.cc(98)] thread ID 16408 not found in process
[1129/023827.134:ERROR:process_reader_win.cc(123)] NtOpenThread: {Access Denied} A process has requested access to an object, but has not been granted those access rights. (0xc0000022)
[1129/023827.135:ERROR:exception_snapshot_win.cc(98)] thread ID 17272 not found in process
[1129/023948.597:ERROR:process_reader_win.cc(123)] NtOpenThread: {Access Denied} A process has requested access to an object, but has not been granted those access rights. (0xc0000022)
[1129/023948.598:ERROR:exception_snapshot_win.cc(98)] thread ID 9360 not found in process
[1129/024117.889:ERROR:process_reader_win.cc(123)] NtOpenThread: {Access Denied} A process has requested access to an object, but has not been granted those access rights. (0xc0000022)
[1129/024117.903:ERROR:exception_snapshot_win.cc(98)] thread ID 17708 not found in process
[1129/024312.868:ERROR:process_reader_win.cc(123)] NtOpenThread: {Access Denied} A process has requested access to an object, but has not been granted those access rights. (0xc0000022)
[1129/024312.869:ERROR:exception_snapshot_win.cc(98)] thread ID 18040 not found in process
[1129/024457.415:ERROR:process_reader_win.cc(123)] NtOpenThread: {Access Denied} A process has requested access to an object, but has not been granted those access rights. (0xc0000022)
[1129/024457.416:ERROR:exception_snapshot_win.cc(98)] thread ID 4224 not found in process
[1129/024523.995:ERROR:process_reader_win.cc(123)] NtOpenThread: {Access Denied} A process has requested access to an object, but has not been granted those access rights. (0xc0000022)
[1129/024523.996:ERROR:exception_snapshot_win.cc(98)] thread ID 4508 not found in process
[1129/024643.244:ERROR:process_reader_win.cc(151)] SuspendThread: Access is denied. (0x5)
[1129/024643.245:ERROR:process_reader_win.cc(123)] NtOpenThread: {Access Denied} A process has requested access to an object, but has not been granted those access rights. (0xc0000022)
[1129/024643.245:ERROR:exception_snapshot_win.cc(98)] thread ID 17252 not found in process
[1129/024732.114:ERROR:process_reader_win.cc(123)] NtOpenThread: {Access Denied} A process has requested access to an object, but has not been granted those access rights. (0xc0000022)
[1129/024732.115:ERROR:exception_snapshot_win.cc(98)] thread ID 8352 not found in process
[1129/024812.660:ERROR:process_reader_win.cc(123)] NtOpenThread: {Access Denied} A process has requested access to an object, but has not been granted those access rights. (0xc0000022)
[1129/024812.662:ERROR:exception_snapshot_win.cc(98)] thread ID 17212 not found in process
[1129/024833.782:ERROR:process_reader_win.cc(123)] NtOpenThread: {Access Denied} A process has requested access to an object, but has not been granted those access rights. (0xc0000022)
[1129/024833.783:ERROR:exception_snapshot_win.cc(98)] thread ID 10292 not found in process
[1129/025413.664:ERROR:process_reader_win.cc(123)] NtOpenThread: {Access Denied} A process has requested access to an object, but has not been granted those access rights. (0xc0000022)
[1129/025413.664:ERROR:exception_snapshot_win.cc(98)] thread ID 15384 not found in process
[1129/025448.472:ERROR:process_reader_win.cc(123)] NtOpenThread: {Access Denied} A process has requested access to an object, but has not been granted those access rights. (0xc0000022)
[1129/025448.473:ERROR:exception_snapshot_win.cc(98)] thread ID 18036 not found in process
[1129/025510.681:ERROR:process_reader_win.cc(123)] NtOpenThread: {Access Denied} A process has requested access to an object, but has not been granted those access rights. (0xc0000022)
[1129/025510.681:ERROR:exception_snapshot_win.cc(98)] thread ID 17928 not found in process
[1129/025540.051:ERROR:process_reader_win.cc(123)] NtOpenThread: {Access Denied} A process has requested access to an object, but has not been granted those access rights. (0xc0000022)
[1129/025540.052:ERROR:exception_snapshot_win.cc(98)] thread ID 8680 not found in process
<<<<<<< HEAD
>>>>>>> 313cdf2177eb10b1ed4ec29db62e5b60c1eaaff8
[1129/035958.216:ERROR:process_reader_win.cc(151)] SuspendThread: Access is denied. (0x5)
[1129/035958.217:ERROR:process_reader_win.cc(123)] NtOpenThread: {Access Denied} A process has requested access to an object, but has not been granted those access rights. (0xc0000022)
[1129/035958.564:ERROR:process_reader_win.cc(123)] NtOpenThread: {Access Denied} A process has requested access to an object, but has not been granted those access rights. (0xc0000022)
[1129/035958.812:ERROR:exception_snapshot_win.cc(99)] thread ID 9788 not found in process
[1129/035958.949:ERROR:exception_snapshot_win.cc(99)] thread ID 1228 not found in process
[1129/035959.192:ERROR:process_reader_win.cc(123)] NtOpenThread: {Access Denied} A process has requested access to an object, but has not been granted those access rights. (0xc0000022)
[1129/035959.320:ERROR:exception_snapshot_win.cc(99)] thread ID 9352 not found in process
[1129/040903.561:ERROR:directory_reader_win.cc(43)] FindFirstFile: The system cannot find the path specified. (0x3)
[1129/041029.635:ERROR:directory_reader_win.cc(43)] FindFirstFile: The system cannot find the path specified. (0x3)
[1129/041225.977:ERROR:directory_reader_win.cc(43)] FindFirstFile: The system cannot find the path specified. (0x3)
[1129/041351.804:ERROR:directory_reader_win.cc(43)] FindFirstFile: The system cannot find the path specified. (0x3)
[1129/060114.050:ERROR:directory_reader_win.cc(43)] FindFirstFile: The system cannot find the path specified. (0x3)
[1129/060126.674:ERROR:directory_reader_win.cc(43)] FindFirstFile: The system cannot find the path specified. (0x3)
[1129/060535.339:ERROR:directory_reader_win.cc(43)] FindFirstFile: The system cannot find the path specified. (0x3)
[1129/060706.854:ERROR:directory_reader_win.cc(43)] FindFirstFile: The system cannot find the path specified. (0x3)
[1129/060732.751:ERROR:directory_reader_win.cc(43)] FindFirstFile: The system cannot find the path specified. (0x3)
=======
<<<<<<< HEAD
[1129/041136.794:ERROR:process_reader_win.cc(151)] SuspendThread: Access is denied. (0x5)
[1129/041136.795:ERROR:process_reader_win.cc(151)] SuspendThread: Access is denied. (0x5)
[1129/041136.795:ERROR:process_reader_win.cc(123)] NtOpenThread: {Access Denied} A process has requested access to an object, but has not been granted those access rights. (0xc0000022)
[1129/041136.795:ERROR:exception_snapshot_win.cc(98)] thread ID 17920 not found in process
=======
[1129/040513.007:ERROR:directory_reader_win.cc(43)] FindFirstFile: The system cannot find the path specified. (0x3)
[1129/040532.590:ERROR:directory_reader_win.cc(43)] FindFirstFile: The system cannot find the path specified. (0x3)
[1129/040552.420:ERROR:directory_reader_win.cc(43)] FindFirstFile: The system cannot find the path specified. (0x3)
[1129/040606.813:ERROR:directory_reader_win.cc(43)] FindFirstFile: The system cannot find the path specified. (0x3)
[1129/040620.907:ERROR:directory_reader_win.cc(43)] FindFirstFile: The system cannot find the path specified. (0x3)
[1130/132302.122:ERROR:process_reader_win.cc(123)] NtOpenThread: {Access Denied} A process has requested access to an object, but has not been granted those access rights. (0xc0000022)
[1130/132302.124:ERROR:exception_snapshot_win.cc(99)] thread ID 23432 not found in process
[1130/132302.136:ERROR:process_reader_win.cc(123)] NtOpenThread: {Access Denied} A process has requested access to an object, but has not been granted those access rights. (0xc0000022)
[1130/132302.136:ERROR:exception_snapshot_win.cc(99)] thread ID 23440 not found in process
[1130/132358.358:ERROR:process_reader_win.cc(123)] NtOpenThread: {Access Denied} A process has requested access to an object, but has not been granted those access rights. (0xc0000022)
[1130/132358.359:ERROR:exception_snapshot_win.cc(99)] thread ID 9012 not found in process
[1130/132358.376:ERROR:process_reader_win.cc(123)] NtOpenThread: {Access Denied} A process has requested access to an object, but has not been granted those access rights. (0xc0000022)
[1130/132358.376:ERROR:exception_snapshot_win.cc(99)] thread ID 23440 not found in process
>>>>>>> 59ade9e493aad33a088d13798da3ba3c69bf0f17
[1130/140058.837:ERROR:process_reader_win.cc(151)] SuspendThread: Access is denied. (0x5)
[1130/140058.853:ERROR:process_reader_win.cc(151)] SuspendThread: Access is denied. (0x5)
[1130/140058.854:ERROR:process_reader_win.cc(151)] SuspendThread: Access is denied. (0x5)
[1130/140058.854:ERROR:process_reader_win.cc(151)] SuspendThread: Access is denied. (0x5)
[1130/140058.854:ERROR:process_reader_win.cc(151)] SuspendThread: Access is denied. (0x5)
[1130/140058.855:ERROR:process_reader_win.cc(151)] SuspendThread: Access is denied. (0x5)
[1130/140058.855:ERROR:process_reader_win.cc(151)] SuspendThread: Access is denied. (0x5)
[1130/140058.855:ERROR:process_reader_win.cc(151)] SuspendThread: Access is denied. (0x5)
[1130/140058.857:ERROR:process_reader_win.cc(151)] SuspendThread: Access is denied. (0x5)
[1130/140058.886:ERROR:process_reader_win.cc(151)] SuspendThread: Access is denied. (0x5)
[1130/140058.887:ERROR:process_reader_win.cc(151)] SuspendThread: Access is denied. (0x5)
[1130/140058.855:ERROR:process_reader_win.cc(123)] NtOpenThread: {Access Denied} A process has requested access to an object, but has not been granted those access rights. (0xc0000022)
[1130/140058.887:ERROR:process_reader_win.cc(123)] NtOpenThread: {Access Denied} A process has requested access to an object, but has not been granted those access rights. (0xc0000022)
[1130/140058.983:ERROR:exception_snapshot_win.cc(98)] thread ID 13880 not found in process
[1130/140058.983:ERROR:exception_snapshot_win.cc(98)] thread ID 13360 not found in process
[1130/140058.856:ERROR:process_reader_win.cc(123)] NtOpenThread: {Access Denied} A process has requested access to an object, but has not been granted those access rights. (0xc0000022)
[1130/140058.983:ERROR:exception_snapshot_win.cc(98)] thread ID 10524 not found in process
[1130/140058.859:ERROR:process_reader_win.cc(123)] NtOpenThread: {Access Denied} A process has requested access to an object, but has not been granted those access rights. (0xc0000022)
[1130/140058.984:ERROR:exception_snapshot_win.cc(98)] thread ID 10808 not found in process
[1130/140058.838:ERROR:process_reader_win.cc(123)] NtOpenThread: {Access Denied} A process has requested access to an object, but has not been granted those access rights. (0xc0000022)
[1130/140058.852:ERROR:process_reader_win.cc(123)] NtOpenThread: {Access Denied} A process has requested access to an object, but has not been granted those access rights. (0xc0000022)
[1130/140058.985:ERROR:exception_snapshot_win.cc(98)] thread ID 5264 not found in process
[1130/140058.985:ERROR:exception_snapshot_win.cc(98)] thread ID 13808 not found in process
[1130/140058.854:ERROR:process_reader_win.cc(123)] NtOpenThread: {Access Denied} A process has requested access to an object, but has not been granted those access rights. (0xc0000022)
[1130/140058.985:ERROR:exception_snapshot_win.cc(98)] thread ID 9008 not found in process
[1130/140135.139:ERROR:process_reader_win.cc(151)] SuspendThread: Access is denied. (0x5)
[1130/140135.140:ERROR:process_reader_win.cc(151)] SuspendThread: Access is denied. (0x5)
[1130/140135.140:ERROR:process_reader_win.cc(123)] NtOpenThread: {Access Denied} A process has requested access to an object, but has not been granted those access rights. (0xc0000022)
[1130/140135.140:ERROR:exception_snapshot_win.cc(98)] thread ID 14060 not found in process
[1130/140135.141:ERROR:process_reader_win.cc(151)] SuspendThread: Access is denied. (0x5)
[1130/140135.141:ERROR:process_reader_win.cc(151)] SuspendThread: Access is denied. (0x5)
[1130/140135.142:ERROR:process_reader_win.cc(151)] SuspendThread: Access is denied. (0x5)
[1130/140135.142:ERROR:process_reader_win.cc(151)] SuspendThread: Access is denied. (0x5)
[1130/140135.142:ERROR:process_reader_win.cc(151)] SuspendThread: Access is denied. (0x5)
[1130/140135.142:ERROR:process_reader_win.cc(151)] SuspendThread: Access is denied. (0x5)
[1130/140135.142:ERROR:process_reader_win.cc(151)] SuspendThread: Access is denied. (0x5)
[1130/140135.142:ERROR:process_reader_win.cc(151)] SuspendThread: Access is denied. (0x5)
[1130/140135.142:ERROR:process_reader_win.cc(123)] NtOpenThread: {Access Denied} A process has requested access to an object, but has not been granted those access rights. (0xc0000022)
[1130/140135.142:ERROR:exception_snapshot_win.cc(98)] thread ID 14796 not found in process
[1130/140135.142:ERROR:process_reader_win.cc(123)] NtOpenThread: {Access Denied} A process has requested access to an object, but has not been granted those access rights. (0xc0000022)
[1130/140135.142:ERROR:exception_snapshot_win.cc(98)] thread ID 13652 not found in process
[1130/140135.142:ERROR:process_reader_win.cc(151)] SuspendThread: Access is denied. (0x5)
[1130/140135.142:ERROR:process_reader_win.cc(151)] SuspendThread: Access is denied. (0x5)
[1130/140135.143:ERROR:process_reader_win.cc(151)] SuspendThread: Access is denied. (0x5)
[1130/140135.143:ERROR:process_reader_win.cc(151)] SuspendThread: Access is denied. (0x5)
[1130/140135.143:ERROR:process_reader_win.cc(151)] SuspendThread: Access is denied. (0x5)
[1130/140135.143:ERROR:process_reader_win.cc(151)] SuspendThread: Access is denied. (0x5)
[1130/140135.143:ERROR:process_reader_win.cc(151)] SuspendThread: Access is denied. (0x5)
[1130/140135.143:ERROR:process_reader_win.cc(123)] NtOpenThread: {Access Denied} A process has requested access to an object, but has not been granted those access rights. (0xc0000022)
[1130/140135.144:ERROR:exception_snapshot_win.cc(98)] thread ID 14044 not found in process
[1130/140135.143:ERROR:process_reader_win.cc(123)] NtOpenThread: {Access Denied} A process has requested access to an object, but has not been granted those access rights. (0xc0000022)
[1130/140135.144:ERROR:exception_snapshot_win.cc(98)] thread ID 14528 not found in process
[1130/140135.145:ERROR:process_reader_win.cc(151)] SuspendThread: Access is denied. (0x5)
[1130/140135.145:ERROR:process_reader_win.cc(151)] SuspendThread: Access is denied. (0x5)
[1130/140135.145:ERROR:process_reader_win.cc(123)] NtOpenThread: {Access Denied} A process has requested access to an object, but has not been granted those access rights. (0xc0000022)
[1130/140135.146:ERROR:exception_snapshot_win.cc(98)] thread ID 12128 not found in process
[1130/140135.162:ERROR:process_reader_win.cc(151)] SuspendThread: Access is denied. (0x5)
[1130/140135.162:ERROR:process_reader_win.cc(151)] SuspendThread: Access is denied. (0x5)
[1130/140135.163:ERROR:process_reader_win.cc(123)] NtOpenThread: {Access Denied} A process has requested access to an object, but has not been granted those access rights. (0xc0000022)
[1130/140135.163:ERROR:exception_snapshot_win.cc(98)] thread ID 13700 not found in process
[1130/140648.987:ERROR:process_reader_win.cc(123)] NtOpenThread: {Access Denied} A process has requested access to an object, but has not been granted those access rights. (0xc0000022)
[1130/140648.990:ERROR:exception_snapshot_win.cc(98)] thread ID 19116 not found in process
[1130/140648.994:ERROR:process_reader_win.cc(123)] NtOpenThread: {Access Denied} A process has requested access to an object, but has not been granted those access rights. (0xc0000022)
[1130/140648.996:ERROR:exception_snapshot_win.cc(98)] thread ID 18760 not found in process
[1130/140648.994:ERROR:process_reader_win.cc(123)] NtOpenThread: {Access Denied} A process has requested access to an object, but has not been granted those access rights. (0xc0000022)
[1130/140648.996:ERROR:exception_snapshot_win.cc(98)] thread ID 4136 not found in process
[1130/140648.996:ERROR:process_reader_win.cc(123)] NtOpenThread: {Access Denied} A process has requested access to an object, but has not been granted those access rights. (0xc0000022)
[1130/140648.996:ERROR:exception_snapshot_win.cc(98)] thread ID 15868 not found in process
[1130/140649.003:ERROR:process_reader_win.cc(123)] NtOpenThread: {Access Denied} A process has requested access to an object, but has not been granted those access rights. (0xc0000022)
[1130/140649.005:ERROR:exception_snapshot_win.cc(98)] thread ID 19200 not found in process
[1130/140649.003:ERROR:process_reader_win.cc(123)] NtOpenThread: {Access Denied} A process has requested access to an object, but has not been granted those access rights. (0xc0000022)
[1130/140649.005:ERROR:exception_snapshot_win.cc(98)] thread ID 15652 not found in process
[1130/140649.014:ERROR:process_reader_win.cc(123)] NtOpenThread: {Access Denied} A process has requested access to an object, but has not been granted those access rights. (0xc0000022)
[1130/140649.017:ERROR:exception_snapshot_win.cc(98)] thread ID 19112 not found in process
[1130/140826.506:ERROR:process_reader_win.cc(151)] SuspendThread: Access is denied. (0x5)
[1130/140826.508:ERROR:process_reader_win.cc(123)] NtOpenThread: {Access Denied} A process has requested access to an object, but has not been granted those access rights. (0xc0000022)
[1130/140826.509:ERROR:exception_snapshot_win.cc(98)] thread ID 3364 not found in process
[1130/140826.506:ERROR:process_reader_win.cc(151)] SuspendThread: Access is denied. (0x5)
[1130/140826.511:ERROR:process_reader_win.cc(123)] NtOpenThread: {Access Denied} A process has requested access to an object, but has not been granted those access rights. (0xc0000022)
[1130/140826.513:ERROR:exception_snapshot_win.cc(98)] thread ID 17800 not found in process
[1130/140826.506:ERROR:process_reader_win.cc(123)] NtOpenThread: {Access Denied} A process has requested access to an object, but has not been granted those access rights. (0xc0000022)
[1130/140826.516:ERROR:exception_snapshot_win.cc(98)] thread ID 16560 not found in process
[1130/140826.516:ERROR:process_reader_win.cc(123)] NtOpenThread: {Access Denied} A process has requested access to an object, but has not been granted those access rights. (0xc0000022)
[1130/140826.517:ERROR:exception_snapshot_win.cc(98)] thread ID 14536 not found in process
[1130/140826.517:ERROR:process_reader_win.cc(151)] SuspendThread: Access is denied. (0x5)
[1130/140826.517:ERROR:process_reader_win.cc(123)] NtOpenThread: {Access Denied} A process has requested access to an object, but has not been granted those access rights. (0xc0000022)
[1130/140826.518:ERROR:exception_snapshot_win.cc(98)] thread ID 16564 not found in process
[1130/140826.518:ERROR:process_reader_win.cc(123)] NtOpenThread: {Access Denied} A process has requested access to an object, but has not been granted those access rights. (0xc0000022)
[1130/140826.518:ERROR:exception_snapshot_win.cc(98)] thread ID 18232 not found in process
[1130/140826.533:ERROR:process_reader_win.cc(151)] SuspendThread: Access is denied. (0x5)
[1130/140826.534:ERROR:process_reader_win.cc(123)] NtOpenThread: {Access Denied} A process has requested access to an object, but has not been granted those access rights. (0xc0000022)
[1130/140826.535:ERROR:exception_snapshot_win.cc(98)] thread ID 15296 not found in process
[1130/141034.795:ERROR:process_reader_win.cc(123)] NtOpenThread: {Access Denied} A process has requested access to an object, but has not been granted those access rights. (0xc0000022)
[1130/141034.796:ERROR:exception_snapshot_win.cc(98)] thread ID 15704 not found in process
[1130/141730.614:ERROR:process_reader_win.cc(123)] NtOpenThread: {Access Denied} A process has requested access to an object, but has not been granted those access rights. (0xc0000022)
[1130/141730.616:ERROR:exception_snapshot_win.cc(98)] thread ID 19324 not found in process
[1130/141730.618:ERROR:process_reader_win.cc(123)] NtOpenThread: {Access Denied} A process has requested access to an object, but has not been granted those access rights. (0xc0000022)
[1130/141730.619:ERROR:exception_snapshot_win.cc(98)] thread ID 17488 not found in process
[1130/141730.619:ERROR:process_reader_win.cc(123)] NtOpenThread: {Access Denied} A process has requested access to an object, but has not been granted those access rights. (0xc0000022)
[1130/141730.620:ERROR:exception_snapshot_win.cc(98)] thread ID 18720 not found in process
[1130/141730.634:ERROR:process_reader_win.cc(123)] NtOpenThread: {Access Denied} A process has requested access to an object, but has not been granted those access rights. (0xc0000022)
[1130/141730.635:ERROR:exception_snapshot_win.cc(98)] thread ID 14988 not found in process
[1130/141730.637:ERROR:process_reader_win.cc(123)] NtOpenThread: {Access Denied} A process has requested access to an object, but has not been granted those access rights. (0xc0000022)
[1130/141730.639:ERROR:exception_snapshot_win.cc(98)] thread ID 14444 not found in process
[1130/141730.637:ERROR:process_reader_win.cc(123)] NtOpenThread: {Access Denied} A process has requested access to an object, but has not been granted those access rights. (0xc0000022)
[1130/141730.650:ERROR:exception_snapshot_win.cc(98)] thread ID 14556 not found in process
[1130/141730.645:ERROR:process_reader_win.cc(123)] NtOpenThread: {Access Denied} A process has requested access to an object, but has not been granted those access rights. (0xc0000022)
[1130/141730.652:ERROR:exception_snapshot_win.cc(98)] thread ID 18680 not found in process
[1130/142114.419:ERROR:process_reader_win.cc(123)] NtOpenThread: {Access Denied} A process has requested access to an object, but has not been granted those access rights. (0xc0000022)
[1130/142114.420:ERROR:exception_snapshot_win.cc(98)] thread ID 15696 not found in process
[1130/142114.423:ERROR:process_reader_win.cc(123)] NtOpenThread: {Access Denied} A process has requested access to an object, but has not been granted those access rights. (0xc0000022)
[1130/142114.423:ERROR:exception_snapshot_win.cc(98)] thread ID 14520 not found in process
[1130/142213.299:ERROR:process_reader_win.cc(123)] NtOpenThread: {Access Denied} A process has requested access to an object, but has not been granted those access rights. (0xc0000022)
[1130/142213.300:ERROR:exception_snapshot_win.cc(98)] thread ID 16504 not found in process
[1130/142358.234:ERROR:process_reader_win.cc(151)] SuspendThread: Access is denied. (0x5)
[1130/142358.235:ERROR:process_reader_win.cc(151)] SuspendThread: Access is denied. (0x5)
[1130/142358.235:ERROR:process_reader_win.cc(151)] SuspendThread: Access is denied. (0x5)
[1130/142358.235:ERROR:process_reader_win.cc(151)] SuspendThread: Access is denied. (0x5)
[1130/142358.235:ERROR:process_reader_win.cc(151)] SuspendThread: Access is denied. (0x5)
[1130/142358.235:ERROR:process_reader_win.cc(151)] SuspendThread: Access is denied. (0x5)
[1130/142358.235:ERROR:process_reader_win.cc(123)] NtOpenThread: {Access Denied} A process has requested access to an object, but has not been granted those access rights. (0xc0000022)
[1130/142358.236:ERROR:exception_snapshot_win.cc(98)] thread ID 14568 not found in process
[1130/142358.237:ERROR:process_reader_win.cc(151)] SuspendThread: Access is denied. (0x5)
[1130/142358.237:ERROR:process_reader_win.cc(151)] SuspendThread: Access is denied. (0x5)
[1130/142358.238:ERROR:process_reader_win.cc(151)] SuspendThread: Access is denied. (0x5)
[1130/142358.238:ERROR:process_reader_win.cc(151)] SuspendThread: Access is denied. (0x5)
[1130/142358.238:ERROR:process_reader_win.cc(151)] SuspendThread: Access is denied. (0x5)
[1130/142358.238:ERROR:process_reader_win.cc(151)] SuspendThread: Access is denied. (0x5)
[1130/142358.238:ERROR:process_reader_win.cc(123)] NtOpenThread: {Access Denied} A process has requested access to an object, but has not been granted those access rights. (0xc0000022)
[1130/142358.239:ERROR:exception_snapshot_win.cc(98)] thread ID 17496 not found in process
[1130/142358.238:ERROR:process_reader_win.cc(123)] NtOpenThread: {Access Denied} A process has requested access to an object, but has not been granted those access rights. (0xc0000022)
[1130/142358.239:ERROR:exception_snapshot_win.cc(98)] thread ID 18596 not found in process
[1130/142358.252:ERROR:process_reader_win.cc(151)] SuspendThread: Access is denied. (0x5)
[1130/142358.254:ERROR:process_reader_win.cc(151)] SuspendThread: Access is denied. (0x5)
[1130/142358.254:ERROR:process_reader_win.cc(151)] SuspendThread: Access is denied. (0x5)
[1130/142358.254:ERROR:process_reader_win.cc(151)] SuspendThread: Access is denied. (0x5)
[1130/142358.254:ERROR:process_reader_win.cc(151)] SuspendThread: Access is denied. (0x5)
[1130/142358.254:ERROR:process_reader_win.cc(151)] SuspendThread: Access is denied. (0x5)
[1130/142358.254:ERROR:process_reader_win.cc(151)] SuspendThread: Access is denied. (0x5)
[1130/142358.254:ERROR:process_reader_win.cc(151)] SuspendThread: Access is denied. (0x5)
[1130/142358.254:ERROR:process_reader_win.cc(151)] SuspendThread: Access is denied. (0x5)
[1130/142358.254:ERROR:process_reader_win.cc(151)] SuspendThread: Access is denied. (0x5)
[1130/142358.254:ERROR:process_reader_win.cc(151)] SuspendThread: Access is denied. (0x5)
[1130/142358.254:ERROR:process_reader_win.cc(151)] SuspendThread: Access is denied. (0x5)
[1130/142358.254:ERROR:process_reader_win.cc(151)] SuspendThread: Access is denied. (0x5)
[1130/142358.254:ERROR:process_reader_win.cc(151)] SuspendThread: Access is denied. (0x5)
[1130/142358.254:ERROR:process_reader_win.cc(151)] SuspendThread: Access is denied. (0x5)
[1130/142358.254:ERROR:process_reader_win.cc(151)] SuspendThread: Access is denied. (0x5)
[1130/142358.254:ERROR:process_reader_win.cc(151)] SuspendThread: Access is denied. (0x5)
[1130/142358.254:ERROR:process_reader_win.cc(151)] SuspendThread: Access is denied. (0x5)
[1130/142358.254:ERROR:process_reader_win.cc(151)] SuspendThread: Access is denied. (0x5)
[1130/142358.254:ERROR:process_reader_win.cc(151)] SuspendThread: Access is denied. (0x5)
[1130/142358.254:ERROR:process_reader_win.cc(123)] NtOpenThread: {Access Denied} A process has requested access to an object, but has not been granted those access rights. (0xc0000022)
[1130/142358.255:ERROR:exception_snapshot_win.cc(98)] thread ID 6852 not found in process
[1130/142358.267:ERROR:process_reader_win.cc(151)] SuspendThread: Access is denied. (0x5)
[1130/142358.267:ERROR:process_reader_win.cc(151)] SuspendThread: Access is denied. (0x5)
[1130/142358.269:ERROR:process_reader_win.cc(151)] SuspendThread: Access is denied. (0x5)
[1130/142358.269:ERROR:process_reader_win.cc(151)] SuspendThread: Access is denied. (0x5)
[1130/142358.269:ERROR:process_reader_win.cc(151)] SuspendThread: Access is denied. (0x5)
[1130/142358.269:ERROR:process_reader_win.cc(151)] SuspendThread: Access is denied. (0x5)
[1130/142358.269:ERROR:process_reader_win.cc(151)] SuspendThread: Access is denied. (0x5)
[1130/142358.269:ERROR:process_reader_win.cc(151)] SuspendThread: Access is denied. (0x5)
[1130/142358.269:ERROR:process_reader_win.cc(151)] SuspendThread: Access is denied. (0x5)
[1130/142358.269:ERROR:process_reader_win.cc(151)] SuspendThread: Access is denied. (0x5)
[1130/142358.269:ERROR:process_reader_win.cc(151)] SuspendThread: Access is denied. (0x5)
[1130/142358.269:ERROR:process_reader_win.cc(123)] NtOpenThread: {Access Denied} A process has requested access to an object, but has not been granted those access rights. (0xc0000022)
[1130/142358.270:ERROR:exception_snapshot_win.cc(98)] thread ID 15436 not found in process
[1130/142358.269:ERROR:process_reader_win.cc(123)] NtOpenThread: {Access Denied} A process has requested access to an object, but has not been granted those access rights. (0xc0000022)
[1130/142358.270:ERROR:exception_snapshot_win.cc(98)] thread ID 17692 not found in process
[1130/142358.269:ERROR:process_reader_win.cc(151)] SuspendThread: Access is denied. (0x5)
[1130/142358.271:ERROR:process_reader_win.cc(151)] SuspendThread: Access is denied. (0x5)
[1130/142358.271:ERROR:process_reader_win.cc(151)] SuspendThread: Access is denied. (0x5)
[1130/142358.271:ERROR:process_reader_win.cc(151)] SuspendThread: Access is denied. (0x5)
[1130/142358.271:ERROR:process_reader_win.cc(151)] SuspendThread: Access is denied. (0x5)
[1130/142358.271:ERROR:process_reader_win.cc(151)] SuspendThread: Access is denied. (0x5)
[1130/142358.271:ERROR:process_reader_win.cc(151)] SuspendThread: Access is denied. (0x5)
[1130/142358.271:ERROR:process_reader_win.cc(151)] SuspendThread: Access is denied. (0x5)
[1130/142358.271:ERROR:process_reader_win.cc(151)] SuspendThread: Access is denied. (0x5)
[1130/142358.271:ERROR:process_reader_win.cc(151)] SuspendThread: Access is denied. (0x5)
[1130/142358.271:ERROR:process_reader_win.cc(151)] SuspendThread: Access is denied. (0x5)
[1130/142358.271:ERROR:process_reader_win.cc(151)] SuspendThread: Access is denied. (0x5)
[1130/142358.271:ERROR:process_reader_win.cc(123)] NtOpenThread: {Access Denied} A process has requested access to an object, but has not been granted those access rights. (0xc0000022)
[1130/142358.271:ERROR:exception_snapshot_win.cc(98)] thread ID 13616 not found in process
[1130/142358.274:ERROR:process_reader_win.cc(151)] SuspendThread: Access is denied. (0x5)
[1130/142358.274:ERROR:process_reader_win.cc(151)] SuspendThread: Access is denied. (0x5)
[1130/142358.275:ERROR:process_reader_win.cc(151)] SuspendThread: Access is denied. (0x5)
[1130/142358.275:ERROR:process_reader_win.cc(151)] SuspendThread: Access is denied. (0x5)
[1130/142358.275:ERROR:process_reader_win.cc(151)] SuspendThread: Access is denied. (0x5)
[1130/142358.275:ERROR:process_reader_win.cc(151)] SuspendThread: Access is denied. (0x5)
[1130/142358.275:ERROR:process_reader_win.cc(151)] SuspendThread: Access is denied. (0x5)
[1130/142358.275:ERROR:process_reader_win.cc(151)] SuspendThread: Access is denied. (0x5)
[1130/142358.275:ERROR:process_reader_win.cc(151)] SuspendThread: Access is denied. (0x5)
[1130/142358.275:ERROR:process_reader_win.cc(151)] SuspendThread: Access is denied. (0x5)
[1130/142358.275:ERROR:process_reader_win.cc(151)] SuspendThread: Access is denied. (0x5)
[1130/142358.275:ERROR:process_reader_win.cc(151)] SuspendThread: Access is denied. (0x5)
[1130/142358.275:ERROR:process_reader_win.cc(151)] SuspendThread: Access is denied. (0x5)
[1130/142358.275:ERROR:process_reader_win.cc(151)] SuspendThread: Access is denied. (0x5)
[1130/142358.275:ERROR:process_reader_win.cc(151)] SuspendThread: Access is denied. (0x5)
[1130/142358.275:ERROR:process_reader_win.cc(151)] SuspendThread: Access is denied. (0x5)
[1130/142358.275:ERROR:process_reader_win.cc(123)] NtOpenThread: {Access Denied} A process has requested access to an object, but has not been granted those access rights. (0xc0000022)
[1130/142358.276:ERROR:exception_snapshot_win.cc(98)] thread ID 17652 not found in process
[1130/142358.275:ERROR:process_reader_win.cc(123)] NtOpenThread: {Access Denied} A process has requested access to an object, but has not been granted those access rights. (0xc0000022)
[1130/142358.276:ERROR:exception_snapshot_win.cc(98)] thread ID 19000 not found in process
[1130/143759.581:ERROR:process_reader_win.cc(123)] NtOpenThread: {Access Denied} A process has requested access to an object, but has not been granted those access rights. (0xc0000022)
[1130/143759.581:ERROR:process_reader_win.cc(123)] NtOpenThread: {Access Denied} A process has requested access to an object, but has not been granted those access rights. (0xc0000022)
[1130/143759.582:ERROR:exception_snapshot_win.cc(98)] thread ID 17828 not found in process
[1130/143759.582:ERROR:exception_snapshot_win.cc(98)] thread ID 16516 not found in process
[1130/143759.581:ERROR:process_reader_win.cc(123)] NtOpenThread: {Access Denied} A process has requested access to an object, but has not been granted those access rights. (0xc0000022)
[1130/143759.582:ERROR:exception_snapshot_win.cc(98)] thread ID 5632 not found in process
[1130/143844.595:ERROR:process_reader_win.cc(151)] SuspendThread: Access is denied. (0x5)
[1130/143844.596:ERROR:process_reader_win.cc(151)] SuspendThread: Access is denied. (0x5)
[1130/143844.596:ERROR:process_reader_win.cc(151)] SuspendThread: Access is denied. (0x5)
[1130/143844.596:ERROR:process_reader_win.cc(123)] NtOpenThread: {Access Denied} A process has requested access to an object, but has not been granted those access rights. (0xc0000022)
[1130/143844.597:ERROR:exception_snapshot_win.cc(98)] thread ID 4736 not found in process
[1130/143844.599:ERROR:process_reader_win.cc(151)] SuspendThread: Access is denied. (0x5)
[1130/143844.600:ERROR:process_reader_win.cc(123)] NtOpenThread: {Access Denied} A process has requested access to an object, but has not been granted those access rights. (0xc0000022)
[1130/143844.601:ERROR:exception_snapshot_win.cc(98)] thread ID 5016 not found in process
[1130/143844.603:ERROR:process_reader_win.cc(151)] SuspendThread: Access is denied. (0x5)
[1130/143844.604:ERROR:process_reader_win.cc(151)] SuspendThread: Access is denied. (0x5)
[1130/143844.604:ERROR:process_reader_win.cc(151)] SuspendThread: Access is denied. (0x5)
[1130/143844.604:ERROR:process_reader_win.cc(151)] SuspendThread: Access is denied. (0x5)
[1130/143844.604:ERROR:process_reader_win.cc(123)] NtOpenThread: {Access Denied} A process has requested access to an object, but has not been granted those access rights. (0xc0000022)
[1130/143844.604:ERROR:exception_snapshot_win.cc(98)] thread ID 9352 not found in process
[1130/143844.607:ERROR:process_reader_win.cc(151)] SuspendThread: Access is denied. (0x5)
[1130/143844.608:ERROR:process_reader_win.cc(151)] SuspendThread: Access is denied. (0x5)
[1130/143844.608:ERROR:process_reader_win.cc(123)] NtOpenThread: {Access Denied} A process has requested access to an object, but has not been granted those access rights. (0xc0000022)
[1130/143844.609:ERROR:exception_snapshot_win.cc(98)] thread ID 16676 not found in process
[1130/143844.608:ERROR:process_reader_win.cc(151)] SuspendThread: Access is denied. (0x5)
[1130/143844.609:ERROR:process_reader_win.cc(151)] SuspendThread: Access is denied. (0x5)
[1130/143844.609:ERROR:process_reader_win.cc(151)] SuspendThread: Access is denied. (0x5)
[1130/143844.609:ERROR:process_reader_win.cc(123)] NtOpenThread: {Access Denied} A process has requested access to an object, but has not been granted those access rights. (0xc0000022)
[1130/143844.610:ERROR:exception_snapshot_win.cc(98)] thread ID 15492 not found in process
[1130/143844.607:ERROR:process_reader_win.cc(123)] NtOpenThread: {Access Denied} A process has requested access to an object, but has not been granted those access rights. (0xc0000022)
[1130/143844.611:ERROR:exception_snapshot_win.cc(98)] thread ID 17936 not found in process
[1130/143844.612:ERROR:process_reader_win.cc(151)] SuspendThread: Access is denied. (0x5)
[1130/143844.613:ERROR:process_reader_win.cc(151)] SuspendThread: Access is denied. (0x5)
[1130/143844.613:ERROR:process_reader_win.cc(151)] SuspendThread: Access is denied. (0x5)
[1130/143844.613:ERROR:process_reader_win.cc(123)] NtOpenThread: {Access Denied} A process has requested access to an object, but has not been granted those access rights. (0xc0000022)
[1130/143844.613:ERROR:exception_snapshot_win.cc(98)] thread ID 15560 not found in process
>>>>>>> 82b85447c13b805a68f42fb078fb183ffc7ddf87
[1130/230353.142:ERROR:directory_reader_win.cc(43)] FindFirstFile: The system cannot find the path specified. (0x3)
[1130/230353.523:ERROR:directory_reader_win.cc(43)] FindFirstFile: The system cannot find the path specified. (0x3)
[1130/230354.940:ERROR:directory_reader_win.cc(43)] FindFirstFile: The system cannot find the path specified. (0x3)
[1130/230356.014:ERROR:directory_reader_win.cc(43)] FindFirstFile: The system cannot find the path specified. (0x3)
[1130/230356.075:ERROR:directory_reader_win.cc(43)] FindFirstFile: The system cannot find the path specified. (0x3)
[1130/230356.426:ERROR:directory_reader_win.cc(43)] FindFirstFile: The system cannot find the path specified. (0x3)
[1130/230359.042:ERROR:directory_reader_win.cc(43)] FindFirstFile: The system cannot find the path specified. (0x3)
[1130/230359.431:ERROR:directory_reader_win.cc(43)] FindFirstFile: The system cannot find the path specified. (0x3)
[1130/230408.354:ERROR:directory_reader_win.cc(43)] FindFirstFile: The system cannot find the path specified. (0x3)
[1130/230408.355:ERROR:directory_reader_win.cc(43)] FindFirstFile: The system cannot find the path specified. (0x3)
[1130/230408.353:ERROR:directory_reader_win.cc(43)] FindFirstFile: The system cannot find the path specified. (0x3)
[1130/230408.358:ERROR:directory_reader_win.cc(43)] FindFirstFile: The system cannot find the path specified. (0x3)
[1130/230414.315:ERROR:directory_reader_win.cc(43)] FindFirstFile: The system cannot find the path specified. (0x3)
[1130/230414.360:ERROR:directory_reader_win.cc(43)] FindFirstFile: The system cannot find the path specified. (0x3)
[1130/230414.361:ERROR:directory_reader_win.cc(43)] FindFirstFile: The system cannot find the path specified. (0x3)
[1130/230414.360:ERROR:directory_reader_win.cc(43)] FindFirstFile: The system cannot find the path specified. (0x3)
[1130/230414.360:ERROR:directory_reader_win.cc(43)] FindFirstFile: The system cannot find the path specified. (0x3)
[1130/235133.304:ERROR:process_reader_win.cc(151)] SuspendThread: Access is denied. (0x5)
[1130/235133.308:ERROR:process_reader_win.cc(151)] SuspendThread: Access is denied. (0x5)
[1130/235133.309:ERROR:process_reader_win.cc(151)] SuspendThread: Access is denied. (0x5)
[1130/235133.320:ERROR:process_reader_win.cc(151)] SuspendThread: Access is denied. (0x5)
[1130/235133.361:ERROR:process_reader_win.cc(123)] NtOpenThread: {Access Denied} A process has requested access to an object, but has not been granted those access rights. (0xc0000022)
[1130/235133.418:ERROR:process_reader_win.cc(123)] NtOpenThread: {Access Denied} A process has requested access to an object, but has not been granted those access rights. (0xc0000022)
[1130/235133.376:ERROR:process_reader_win.cc(123)] NtOpenThread: {Access Denied} A process has requested access to an object, but has not been granted those access rights. (0xc0000022)
[1130/235133.458:ERROR:exception_snapshot_win.cc(99)] thread ID 19064 not found in process
[1130/235133.308:ERROR:process_reader_win.cc(123)] NtOpenThread: {Access Denied} A process has requested access to an object, but has not been granted those access rights. (0xc0000022)
[1130/235133.458:ERROR:exception_snapshot_win.cc(99)] thread ID 18296 not found in process
[1130/235133.458:ERROR:exception_snapshot_win.cc(99)] thread ID 5676 not found in process
[1130/235133.458:ERROR:exception_snapshot_win.cc(99)] thread ID 18384 not found in process
[1130/235133.432:ERROR:process_reader_win.cc(123)] NtOpenThread: {Access Denied} A process has requested access to an object, but has not been granted those access rights. (0xc0000022)
[1130/235133.458:ERROR:exception_snapshot_win.cc(99)] thread ID 19736 not found in process
[1130/235133.447:ERROR:process_reader_win.cc(123)] NtOpenThread: {Access Denied} A process has requested access to an object, but has not been granted those access rights. (0xc0000022)
[1130/235133.458:ERROR:exception_snapshot_win.cc(99)] thread ID 19144 not found in process
[1130/235133.326:ERROR:process_reader_win.cc(123)] NtOpenThread: {Access Denied} A process has requested access to an object, but has not been granted those access rights. (0xc0000022)
[1130/235133.349:ERROR:process_reader_win.cc(123)] NtOpenThread: {Access Denied} A process has requested access to an object, but has not been granted those access rights. (0xc0000022)
[1130/235133.458:ERROR:exception_snapshot_win.cc(99)] thread ID 18488 not found in process
[1130/235133.458:ERROR:exception_snapshot_win.cc(99)] thread ID 18552 not found in process
[1130/235133.438:ERROR:process_reader_win.cc(123)] NtOpenThread: {Access Denied} A process has requested access to an object, but has not been granted those access rights. (0xc0000022)
[1130/235133.458:ERROR:exception_snapshot_win.cc(99)] thread ID 19612 not found in process
[1130/235133.304:ERROR:process_reader_win.cc(123)] NtOpenThread: {Access Denied} A process has requested access to an object, but has not been granted those access rights. (0xc0000022)
[1130/235133.458:ERROR:exception_snapshot_win.cc(99)] thread ID 18396 not found in process
[1130/235133.429:ERROR:process_reader_win.cc(123)] NtOpenThread: {Access Denied} A process has requested access to an object, but has not been granted those access rights. (0xc0000022)
[1130/235133.458:ERROR:exception_snapshot_win.cc(99)] thread ID 19192 not found in process
[1130/235133.430:ERROR:process_reader_win.cc(123)] NtOpenThread: {Access Denied} A process has requested access to an object, but has not been granted those access rights. (0xc0000022)
[1130/235133.459:ERROR:exception_snapshot_win.cc(99)] thread ID 19608 not found in process
[1130/235133.408:ERROR:process_reader_win.cc(123)] NtOpenThread: {Access Denied} A process has requested access to an object, but has not been granted those access rights. (0xc0000022)
[1130/235133.462:ERROR:exception_snapshot_win.cc(99)] thread ID 18568 not found in process
[1130/235133.447:ERROR:process_reader_win.cc(123)] NtOpenThread: {Access Denied} A process has requested access to an object, but has not been granted those access rights. (0xc0000022)
[1130/235133.462:ERROR:exception_snapshot_win.cc(99)] thread ID 19396 not found in process
[1130/235133.457:ERROR:process_reader_win.cc(123)] NtOpenThread: {Access Denied} A process has requested access to an object, but has not been granted those access rights. (0xc0000022)
[1130/235133.463:ERROR:exception_snapshot_win.cc(99)] thread ID 19176 not found in process
[1130/235133.456:ERROR:process_reader_win.cc(123)] NtOpenThread: {Access Denied} A process has requested access to an object, but has not been granted those access rights. (0xc0000022)
[1130/235133.463:ERROR:exception_snapshot_win.cc(99)] thread ID 19336 not found in process
[1130/235133.449:ERROR:process_reader_win.cc(123)] NtOpenThread: {Access Denied} A process has requested access to an object, but has not been granted those access rights. (0xc0000022)
[1130/235133.463:ERROR:exception_snapshot_win.cc(99)] thread ID 21408 not found in process
[1130/235133.469:ERROR:process_reader_win.cc(123)] NtOpenThread: {Access Denied} A process has requested access to an object, but has not been granted those access rights. (0xc0000022)
[1130/235133.469:ERROR:exception_snapshot_win.cc(99)] thread ID 19592 not found in process
[1130/235133.354:ERROR:process_reader_win.cc(123)] NtOpenThread: {Access Denied} A process has requested access to an object, but has not been granted those access rights. (0xc0000022)
[1130/235133.472:ERROR:exception_snapshot_win.cc(99)] thread ID 18496 not found in process
[1130/235133.308:ERROR:process_reader_win.cc(123)] NtOpenThread: {Access Denied} A process has requested access to an object, but has not been granted those access rights. (0xc0000022)
[1130/235133.472:ERROR:exception_snapshot_win.cc(99)] thread ID 19044 not found in process
[1130/235133.394:ERROR:process_reader_win.cc(123)] NtOpenThread: {Access Denied} A process has requested access to an object, but has not been granted those access rights. (0xc0000022)
[1130/235133.472:ERROR:exception_snapshot_win.cc(99)] thread ID 19140 not found in process
[1130/235133.309:ERROR:process_reader_win.cc(123)] NtOpenThread: {Access Denied} A process has requested access to an object, but has not been granted those access rights. (0xc0000022)
[1130/235133.472:ERROR:exception_snapshot_win.cc(99)] thread ID 18660 not found in process
[1130/235133.326:ERROR:process_reader_win.cc(123)] NtOpenThread: {Access Denied} A process has requested access to an object, but has not been granted those access rights. (0xc0000022)
[1130/235133.472:ERROR:exception_snapshot_win.cc(99)] thread ID 21280 not found in process
[1130/235133.395:ERROR:process_reader_win.cc(123)] NtOpenThread: {Access Denied} A process has requested access to an object, but has not been granted those access rights. (0xc0000022)
[1130/235133.473:ERROR:exception_snapshot_win.cc(99)] thread ID 18984 not found in process
[1130/235133.320:ERROR:process_reader_win.cc(123)] NtOpenThread: {Access Denied} A process has requested access to an object, but has not been granted those access rights. (0xc0000022)
[1130/235133.473:ERROR:exception_snapshot_win.cc(99)] thread ID 19672 not found in process
[1130/235133.392:ERROR:process_reader_win.cc(123)] NtOpenThread: {Access Denied} A process has requested access to an object, but has not been granted those access rights. (0xc0000022)
[1130/235133.473:ERROR:exception_snapshot_win.cc(99)] thread ID 19204 not found in process
[1130/235133.309:ERROR:process_reader_win.cc(123)] NtOpenThread: {Access Denied} A process has requested access to an object, but has not been granted those access rights. (0xc0000022)
[1130/235133.473:ERROR:exception_snapshot_win.cc(99)] thread ID 18344 not found in process
[1130/235133.378:ERROR:process_reader_win.cc(123)] NtOpenThread: {Access Denied} A process has requested access to an object, but has not been granted those access rights. (0xc0000022)
[1130/235133.474:ERROR:exception_snapshot_win.cc(99)] thread ID 18600 not found in process
[1130/235133.395:ERROR:process_reader_win.cc(123)] NtOpenThread: {Access Denied} A process has requested access to an object, but has not been granted those access rights. (0xc0000022)
[1130/235133.474:ERROR:exception_snapshot_win.cc(99)] thread ID 18676 not found in process
[1130/235133.475:ERROR:process_reader_win.cc(123)] NtOpenThread: {Access Denied} A process has requested access to an object, but has not been granted those access rights. (0xc0000022)
[1130/235133.476:ERROR:exception_snapshot_win.cc(99)] thread ID 21232 not found in process
[1130/235133.479:ERROR:process_reader_win.cc(123)] NtOpenThread: {Access Denied} A process has requested access to an object, but has not been granted those access rights. (0xc0000022)
[1130/235133.480:ERROR:exception_snapshot_win.cc(99)] thread ID 19032 not found in process
[1130/235133.496:ERROR:process_reader_win.cc(123)] NtOpenThread: {Access Denied} A process has requested access to an object, but has not been granted those access rights. (0xc0000022)
[1130/235133.497:ERROR:exception_snapshot_win.cc(99)] thread ID 18692 not found in process
[1130/235133.499:ERROR:process_reader_win.cc(123)] NtOpenThread: {Access Denied} A process has requested access to an object, but has not been granted those access rights. (0xc0000022)
[1130/235133.499:ERROR:exception_snapshot_win.cc(99)] thread ID 19320 not found in process
[1130/235133.500:ERROR:process_reader_win.cc(123)] NtOpenThread: {Access Denied} A process has requested access to an object, but has not been granted those access rights. (0xc0000022)
[1130/235133.501:ERROR:exception_snapshot_win.cc(99)] thread ID 19128 not found in process
[1201/000541.453:ERROR:directory_reader_win.cc(43)] FindFirstFile: The system cannot find the path specified. (0x3)
[1201/000542.017:ERROR:directory_reader_win.cc(43)] FindFirstFile: The system cannot find the path specified. (0x3)
[1201/000542.600:ERROR:directory_reader_win.cc(43)] FindFirstFile: The system cannot find the path specified. (0x3)
[1201/000543.273:ERROR:directory_reader_win.cc(43)] FindFirstFile: The system cannot find the path specified. (0x3)
[1201/000543.572:ERROR:directory_reader_win.cc(43)] FindFirstFile: The system cannot find the path specified. (0x3)
[1201/000544.284:ERROR:directory_reader_win.cc(43)] FindFirstFile: The system cannot find the path specified. (0x3)
[1201/000545.101:ERROR:directory_reader_win.cc(43)] FindFirstFile: The system cannot find the path specified. (0x3)
[1201/000545.867:ERROR:directory_reader_win.cc(43)] FindFirstFile: The system cannot find the path specified. (0x3)
[1201/000546.798:ERROR:directory_reader_win.cc(43)] FindFirstFile: The system cannot find the path specified. (0x3)
[1201/000548.268:ERROR:directory_reader_win.cc(43)] FindFirstFile: The system cannot find the path specified. (0x3)
[1201/000549.081:ERROR:directory_reader_win.cc(43)] FindFirstFile: The system cannot find the path specified. (0x3)
[1201/000550.308:ERROR:directory_reader_win.cc(43)] FindFirstFile: The system cannot find the path specified. (0x3)
[1201/001236.490:ERROR:process_reader_win.cc(151)] SuspendThread: Access is denied. (0x5)
[1201/001236.510:ERROR:process_reader_win.cc(151)] SuspendThread: Access is denied. (0x5)
[1201/001236.511:ERROR:process_reader_win.cc(151)] SuspendThread: Access is denied. (0x5)
[1201/001236.511:ERROR:process_reader_win.cc(151)] SuspendThread: Access is denied. (0x5)
[1201/001236.511:ERROR:process_reader_win.cc(151)] SuspendThread: Access is denied. (0x5)
[1201/001236.511:ERROR:process_reader_win.cc(151)] SuspendThread: Access is denied. (0x5)
[1201/001236.511:ERROR:process_reader_win.cc(151)] SuspendThread: Access is denied. (0x5)
[1201/001236.511:ERROR:process_reader_win.cc(151)] SuspendThread: Access is denied. (0x5)
[1201/001236.511:ERROR:process_reader_win.cc(151)] SuspendThread: Access is denied. (0x5)
[1201/001236.511:ERROR:process_reader_win.cc(151)] SuspendThread: Access is denied. (0x5)
[1201/001236.511:ERROR:process_reader_win.cc(151)] SuspendThread: Access is denied. (0x5)
[1201/001236.511:ERROR:process_reader_win.cc(151)] SuspendThread: Access is denied. (0x5)
[1201/001236.511:ERROR:process_reader_win.cc(151)] SuspendThread: Access is denied. (0x5)
[1201/001236.512:ERROR:process_reader_win.cc(151)] SuspendThread: Access is denied. (0x5)
[1201/001236.512:ERROR:process_reader_win.cc(151)] SuspendThread: Access is denied. (0x5)
[1201/001236.512:ERROR:process_reader_win.cc(151)] SuspendThread: Access is denied. (0x5)
[1201/001236.512:ERROR:process_reader_win.cc(151)] SuspendThread: Access is denied. (0x5)
[1201/001236.512:ERROR:process_reader_win.cc(151)] SuspendThread: Access is denied. (0x5)
[1201/001236.512:ERROR:process_reader_win.cc(151)] SuspendThread: Access is denied. (0x5)
[1201/001236.512:ERROR:process_reader_win.cc(151)] SuspendThread: Access is denied. (0x5)
[1201/001236.512:ERROR:process_reader_win.cc(151)] SuspendThread: Access is denied. (0x5)
[1201/001236.512:ERROR:process_reader_win.cc(151)] SuspendThread: Access is denied. (0x5)
[1201/001236.512:ERROR:process_reader_win.cc(151)] SuspendThread: Access is denied. (0x5)
[1201/001236.512:ERROR:process_reader_win.cc(151)] SuspendThread: Access is denied. (0x5)
[1201/001236.512:ERROR:process_reader_win.cc(151)] SuspendThread: Access is denied. (0x5)
[1201/001236.512:ERROR:process_reader_win.cc(151)] SuspendThread: Access is denied. (0x5)
[1201/001236.512:ERROR:process_reader_win.cc(151)] SuspendThread: Access is denied. (0x5)
[1201/001236.512:ERROR:process_reader_win.cc(151)] SuspendThread: Access is denied. (0x5)
[1201/001236.466:ERROR:process_reader_win.cc(123)] NtOpenThread: {Access Denied} A process has requested access to an object, but has not been granted those access rights. (0xc0000022)
[1201/001236.516:ERROR:exception_snapshot_win.cc(99)] thread ID 22636 not found in process
[1201/001236.516:ERROR:process_reader_win.cc(151)] SuspendThread: Access is denied. (0x5)
[1201/001236.516:ERROR:process_reader_win.cc(151)] SuspendThread: Access is denied. (0x5)
[1201/001236.516:ERROR:process_reader_win.cc(151)] SuspendThread: Access is denied. (0x5)
[1201/001236.516:ERROR:process_reader_win.cc(151)] SuspendThread: Access is denied. (0x5)
[1201/001236.516:ERROR:process_reader_win.cc(151)] SuspendThread: Access is denied. (0x5)
[1201/001236.516:ERROR:process_reader_win.cc(151)] SuspendThread: Access is denied. (0x5)
[1201/001236.516:ERROR:process_reader_win.cc(151)] SuspendThread: Access is denied. (0x5)
[1201/001236.516:ERROR:process_reader_win.cc(151)] SuspendThread: Access is denied. (0x5)
[1201/001236.516:ERROR:process_reader_win.cc(151)] SuspendThread: Access is denied. (0x5)
[1201/001236.516:ERROR:process_reader_win.cc(151)] SuspendThread: Access is denied. (0x5)
[1201/001236.516:ERROR:process_reader_win.cc(151)] SuspendThread: Access is denied. (0x5)
[1201/001236.516:ERROR:process_reader_win.cc(151)] SuspendThread: Access is denied. (0x5)
[1201/001236.516:ERROR:process_reader_win.cc(151)] SuspendThread: Access is denied. (0x5)
[1201/001236.516:ERROR:process_reader_win.cc(151)] SuspendThread: Access is denied. (0x5)
[1201/001236.519:ERROR:process_reader_win.cc(151)] SuspendThread: Access is denied. (0x5)
[1201/001236.519:ERROR:process_reader_win.cc(151)] SuspendThread: Access is denied. (0x5)
[1201/001236.519:ERROR:process_reader_win.cc(151)] SuspendThread: Access is denied. (0x5)
[1201/001236.519:ERROR:process_reader_win.cc(151)] SuspendThread: Access is denied. (0x5)
[1201/001236.519:ERROR:process_reader_win.cc(151)] SuspendThread: Access is denied. (0x5)
[1201/001236.519:ERROR:process_reader_win.cc(151)] SuspendThread: Access is denied. (0x5)
[1201/001236.519:ERROR:process_reader_win.cc(151)] SuspendThread: Access is denied. (0x5)
[1201/001236.519:ERROR:process_reader_win.cc(151)] SuspendThread: Access is denied. (0x5)
[1201/001236.519:ERROR:process_reader_win.cc(151)] SuspendThread: Access is denied. (0x5)
[1201/001236.519:ERROR:process_reader_win.cc(151)] SuspendThread: Access is denied. (0x5)
[1201/001236.519:ERROR:process_reader_win.cc(151)] SuspendThread: Access is denied. (0x5)
[1201/001236.519:ERROR:process_reader_win.cc(151)] SuspendThread: Access is denied. (0x5)
[1201/001236.520:ERROR:process_reader_win.cc(151)] SuspendThread: Access is denied. (0x5)
[1201/001236.522:ERROR:process_reader_win.cc(151)] SuspendThread: Access is denied. (0x5)
[1201/001236.523:ERROR:process_reader_win.cc(151)] SuspendThread: Access is denied. (0x5)
[1201/001236.523:ERROR:process_reader_win.cc(151)] SuspendThread: Access is denied. (0x5)
[1201/001236.523:ERROR:process_reader_win.cc(151)] SuspendThread: Access is denied. (0x5)
[1201/001236.523:ERROR:process_reader_win.cc(151)] SuspendThread: Access is denied. (0x5)
[1201/001236.523:ERROR:process_reader_win.cc(151)] SuspendThread: Access is denied. (0x5)
[1201/001236.523:ERROR:process_reader_win.cc(151)] SuspendThread: Access is denied. (0x5)
[1201/001236.523:ERROR:process_reader_win.cc(151)] SuspendThread: Access is denied. (0x5)
[1201/001236.523:ERROR:process_reader_win.cc(151)] SuspendThread: Access is denied. (0x5)
[1201/001236.523:ERROR:process_reader_win.cc(151)] SuspendThread: Access is denied. (0x5)
[1201/001236.523:ERROR:process_reader_win.cc(151)] SuspendThread: Access is denied. (0x5)
[1201/001236.523:ERROR:process_reader_win.cc(151)] SuspendThread: Access is denied. (0x5)
[1201/001236.523:ERROR:process_reader_win.cc(151)] SuspendThread: Access is denied. (0x5)
[1201/001236.490:ERROR:process_reader_win.cc(123)] NtOpenThread: {Access Denied} A process has requested access to an object, but has not been granted those access rights. (0xc0000022)
[1201/001236.525:ERROR:exception_snapshot_win.cc(99)] thread ID 32584 not found in process
[1201/001236.511:ERROR:process_reader_win.cc(123)] NtOpenThread: {Access Denied} A process has requested access to an object, but has not been granted those access rights. (0xc0000022)
[1201/001236.525:ERROR:exception_snapshot_win.cc(99)] thread ID 11280 not found in process
[1201/001236.520:ERROR:process_reader_win.cc(123)] NtOpenThread: {Access Denied} A process has requested access to an object, but has not been granted those access rights. (0xc0000022)
[1201/001236.525:ERROR:exception_snapshot_win.cc(99)] thread ID 26168 not found in process
[1201/001236.523:ERROR:process_reader_win.cc(123)] NtOpenThread: {Access Denied} A process has requested access to an object, but has not been granted those access rights. (0xc0000022)
[1201/001236.526:ERROR:exception_snapshot_win.cc(99)] thread ID 35736 not found in process
[1201/001236.512:ERROR:process_reader_win.cc(123)] NtOpenThread: {Access Denied} A process has requested access to an object, but has not been granted those access rights. (0xc0000022)
[1201/001236.535:ERROR:exception_snapshot_win.cc(99)] thread ID 19240 not found in process
[1201/001236.535:ERROR:process_reader_win.cc(151)] SuspendThread: Access is denied. (0x5)
[1201/001236.535:ERROR:process_reader_win.cc(151)] SuspendThread: Access is denied. (0x5)
[1201/001236.535:ERROR:process_reader_win.cc(151)] SuspendThread: Access is denied. (0x5)
[1201/001236.535:ERROR:process_reader_win.cc(151)] SuspendThread: Access is denied. (0x5)
[1201/001236.535:ERROR:process_reader_win.cc(151)] SuspendThread: Access is denied. (0x5)
[1201/001236.535:ERROR:process_reader_win.cc(151)] SuspendThread: Access is denied. (0x5)
[1201/001236.535:ERROR:process_reader_win.cc(151)] SuspendThread: Access is denied. (0x5)
[1201/001236.535:ERROR:process_reader_win.cc(151)] SuspendThread: Access is denied. (0x5)
[1201/001236.535:ERROR:process_reader_win.cc(151)] SuspendThread: Access is denied. (0x5)
[1201/001236.535:ERROR:process_reader_win.cc(151)] SuspendThread: Access is denied. (0x5)
[1201/001236.535:ERROR:process_reader_win.cc(151)] SuspendThread: Access is denied. (0x5)
[1201/001236.535:ERROR:process_reader_win.cc(151)] SuspendThread: Access is denied. (0x5)
[1201/001236.535:ERROR:process_reader_win.cc(151)] SuspendThread: Access is denied. (0x5)
[1201/001236.535:ERROR:process_reader_win.cc(151)] SuspendThread: Access is denied. (0x5)
[1201/001236.535:ERROR:process_reader_win.cc(123)] NtOpenThread: {Access Denied} A process has requested access to an object, but has not been granted those access rights. (0xc0000022)
[1201/001236.536:ERROR:exception_snapshot_win.cc(99)] thread ID 20824 not found in process
[1201/001236.538:ERROR:process_reader_win.cc(151)] SuspendThread: Access is denied. (0x5)
[1201/001236.539:ERROR:process_reader_win.cc(151)] SuspendThread: Access is denied. (0x5)
[1201/001236.539:ERROR:process_reader_win.cc(151)] SuspendThread: Access is denied. (0x5)
[1201/001236.539:ERROR:process_reader_win.cc(151)] SuspendThread: Access is denied. (0x5)
[1201/001236.539:ERROR:process_reader_win.cc(151)] SuspendThread: Access is denied. (0x5)
[1201/001236.539:ERROR:process_reader_win.cc(151)] SuspendThread: Access is denied. (0x5)
[1201/001236.539:ERROR:process_reader_win.cc(151)] SuspendThread: Access is denied. (0x5)
[1201/001236.539:ERROR:process_reader_win.cc(151)] SuspendThread: Access is denied. (0x5)
[1201/001236.539:ERROR:process_reader_win.cc(151)] SuspendThread: Access is denied. (0x5)
[1201/001236.539:ERROR:process_reader_win.cc(151)] SuspendThread: Access is denied. (0x5)
[1201/001236.539:ERROR:process_reader_win.cc(151)] SuspendThread: Access is denied. (0x5)
[1201/001236.539:ERROR:process_reader_win.cc(151)] SuspendThread: Access is denied. (0x5)
[1201/001236.539:ERROR:process_reader_win.cc(151)] SuspendThread: Access is denied. (0x5)
[1201/001236.539:ERROR:process_reader_win.cc(123)] NtOpenThread: {Access Denied} A process has requested access to an object, but has not been granted those access rights. (0xc0000022)
[1201/001236.539:ERROR:exception_snapshot_win.cc(99)] thread ID 9232 not found in process
[1201/001236.535:ERROR:process_reader_win.cc(151)] SuspendThread: Access is denied. (0x5)
[1201/001236.540:ERROR:process_reader_win.cc(151)] SuspendThread: Access is denied. (0x5)
[1201/001236.540:ERROR:process_reader_win.cc(151)] SuspendThread: Access is denied. (0x5)
[1201/001236.540:ERROR:process_reader_win.cc(151)] SuspendThread: Access is denied. (0x5)
[1201/001236.540:ERROR:process_reader_win.cc(151)] SuspendThread: Access is denied. (0x5)
[1201/001236.540:ERROR:process_reader_win.cc(151)] SuspendThread: Access is denied. (0x5)
[1201/001236.540:ERROR:process_reader_win.cc(151)] SuspendThread: Access is denied. (0x5)
[1201/001236.540:ERROR:process_reader_win.cc(151)] SuspendThread: Access is denied. (0x5)
[1201/001236.540:ERROR:process_reader_win.cc(151)] SuspendThread: Access is denied. (0x5)
[1201/001236.540:ERROR:process_reader_win.cc(151)] SuspendThread: Access is denied. (0x5)
[1201/001236.540:ERROR:process_reader_win.cc(151)] SuspendThread: Access is denied. (0x5)
[1201/001236.540:ERROR:process_reader_win.cc(151)] SuspendThread: Access is denied. (0x5)
[1201/001236.540:ERROR:process_reader_win.cc(151)] SuspendThread: Access is denied. (0x5)
[1201/001236.540:ERROR:process_reader_win.cc(123)] NtOpenThread: {Access Denied} A process has requested access to an object, but has not been granted those access rights. (0xc0000022)
[1201/001236.542:ERROR:exception_snapshot_win.cc(99)] thread ID 21444 not found in process
[1201/001236.475:ERROR:process_reader_win.cc(123)] NtOpenThread: {Access Denied} A process has requested access to an object, but has not been granted those access rights. (0xc0000022)
[1201/001236.544:ERROR:exception_snapshot_win.cc(99)] thread ID 376 not found in process
[1201/001236.517:ERROR:process_reader_win.cc(123)] NtOpenThread: {Access Denied} A process has requested access to an object, but has not been granted those access rights. (0xc0000022)
[1201/001236.545:ERROR:exception_snapshot_win.cc(99)] thread ID 2452 not found in process
[1201/001236.472:ERROR:process_reader_win.cc(123)] NtOpenThread: {Access Denied} A process has requested access to an object, but has not been granted those access rights. (0xc0000022)
[1201/001236.546:ERROR:exception_snapshot_win.cc(99)] thread ID 30476 not found in process
[1201/001236.547:ERROR:process_reader_win.cc(123)] NtOpenThread: {Access Denied} A process has requested access to an object, but has not been granted those access rights. (0xc0000022)
[1201/001236.547:ERROR:process_reader_win.cc(151)] SuspendThread: Access is denied. (0x5)
[1201/001236.547:ERROR:exception_snapshot_win.cc(99)] thread ID 11852 not found in process
[1201/001236.547:ERROR:process_reader_win.cc(151)] SuspendThread: Access is denied. (0x5)
[1201/001236.547:ERROR:process_reader_win.cc(151)] SuspendThread: Access is denied. (0x5)
[1201/001236.547:ERROR:process_reader_win.cc(151)] SuspendThread: Access is denied. (0x5)
[1201/001236.547:ERROR:process_reader_win.cc(151)] SuspendThread: Access is denied. (0x5)
[1201/001236.547:ERROR:process_reader_win.cc(151)] SuspendThread: Access is denied. (0x5)
[1201/001236.547:ERROR:process_reader_win.cc(151)] SuspendThread: Access is denied. (0x5)
[1201/001236.547:ERROR:process_reader_win.cc(123)] NtOpenThread: {Access Denied} A process has requested access to an object, but has not been granted those access rights. (0xc0000022)
[1201/001236.547:ERROR:exception_snapshot_win.cc(99)] thread ID 22960 not found in process
[1201/001236.554:ERROR:process_reader_win.cc(151)] SuspendThread: Access is denied. (0x5)
[1201/001236.554:ERROR:process_reader_win.cc(151)] SuspendThread: Access is denied. (0x5)
[1201/001236.554:ERROR:process_reader_win.cc(151)] SuspendThread: Access is denied. (0x5)
[1201/001236.554:ERROR:process_reader_win.cc(151)] SuspendThread: Access is denied. (0x5)
[1201/001236.554:ERROR:process_reader_win.cc(151)] SuspendThread: Access is denied. (0x5)
[1201/001236.554:ERROR:process_reader_win.cc(123)] NtOpenThread: {Access Denied} A process has requested access to an object, but has not been granted those access rights. (0xc0000022)
[1201/001236.554:ERROR:exception_snapshot_win.cc(99)] thread ID 19504 not found in process
[1201/001236.564:ERROR:process_reader_win.cc(151)] SuspendThread: Access is denied. (0x5)
[1201/001236.564:ERROR:process_reader_win.cc(151)] SuspendThread: Access is denied. (0x5)
[1201/001236.564:ERROR:process_reader_win.cc(151)] SuspendThread: Access is denied. (0x5)
[1201/001236.564:ERROR:process_reader_win.cc(151)] SuspendThread: Access is denied. (0x5)
[1201/001236.564:ERROR:process_reader_win.cc(151)] SuspendThread: Access is denied. (0x5)
[1201/001236.564:ERROR:process_reader_win.cc(123)] NtOpenThread: {Access Denied} A process has requested access to an object, but has not been granted those access rights. (0xc0000022)
[1201/001236.564:ERROR:exception_snapshot_win.cc(99)] thread ID 20820 not found in process
[1201/001236.572:ERROR:process_reader_win.cc(151)] SuspendThread: Access is denied. (0x5)
[1201/001236.572:ERROR:process_reader_win.cc(151)] SuspendThread: Access is denied. (0x5)
[1201/001236.572:ERROR:process_reader_win.cc(123)] NtOpenThread: {Access Denied} A process has requested access to an object, but has not been granted those access rights. (0xc0000022)
[1201/001236.573:ERROR:exception_snapshot_win.cc(99)] thread ID 17824 not found in process
[1201/001236.581:ERROR:process_reader_win.cc(151)] SuspendThread: Access is denied. (0x5)
[1201/001236.581:ERROR:process_reader_win.cc(123)] NtOpenThread: {Access Denied} A process has requested access to an object, but has not been granted those access rights. (0xc0000022)
[1201/001236.581:ERROR:exception_snapshot_win.cc(99)] thread ID 30472 not found in process
[1201/001236.581:ERROR:process_reader_win.cc(151)] SuspendThread: Access is denied. (0x5)
[1201/001236.582:ERROR:process_reader_win.cc(151)] SuspendThread: Access is denied. (0x5)
[1201/001236.582:ERROR:process_reader_win.cc(123)] NtOpenThread: {Access Denied} A process has requested access to an object, but has not been granted those access rights. (0xc0000022)
[1201/001236.582:ERROR:exception_snapshot_win.cc(99)] thread ID 19708 not found in process
[1201/001236.582:ERROR:process_reader_win.cc(151)] SuspendThread: Access is denied. (0x5)
[1201/001236.582:ERROR:process_reader_win.cc(123)] NtOpenThread: {Access Denied} A process has requested access to an object, but has not been granted those access rights. (0xc0000022)
[1201/001236.582:ERROR:exception_snapshot_win.cc(99)] thread ID 16156 not found in process
[1201/001236.586:ERROR:process_reader_win.cc(151)] SuspendThread: Access is denied. (0x5)
[1201/001236.586:ERROR:process_reader_win.cc(123)] NtOpenThread: {Access Denied} A process has requested access to an object, but has not been granted those access rights. (0xc0000022)
[1201/001236.586:ERROR:exception_snapshot_win.cc(99)] thread ID 9636 not found in process
[1201/001236.588:ERROR:process_reader_win.cc(151)] SuspendThread: Access is denied. (0x5)
[1201/001236.588:ERROR:process_reader_win.cc(123)] NtOpenThread: {Access Denied} A process has requested access to an object, but has not been granted those access rights. (0xc0000022)
[1201/001236.588:ERROR:exception_snapshot_win.cc(99)] thread ID 30164 not found in process
[1201/001236.590:ERROR:process_reader_win.cc(151)] SuspendThread: Access is denied. (0x5)
[1201/001236.590:ERROR:process_reader_win.cc(123)] NtOpenThread: {Access Denied} A process has requested access to an object, but has not been granted those access rights. (0xc0000022)
[1201/001236.591:ERROR:exception_snapshot_win.cc(99)] thread ID 22844 not found in process
[1201/001236.591:ERROR:process_reader_win.cc(151)] SuspendThread: Access is denied. (0x5)
[1201/001236.591:ERROR:process_reader_win.cc(123)] NtOpenThread: {Access Denied} A process has requested access to an object, but has not been granted those access rights. (0xc0000022)
[1201/001236.591:ERROR:exception_snapshot_win.cc(99)] thread ID 21932 not found in process
